<?xml version="1.0" encoding="UTF-8"?>
<!-- Generated by org.testng.reporters.JUnitReportReporter -->
<testsuite hostname="DESKTOP-EAD24M8" failures="0" tests="2" name="RegistrationTest" time="10.088" errors="0" timestamp="2021-10-31T00:57:21 SAMT" skipped="0">
  <testcase classname="RegistrationTest" name="loginTest" time="4.960"/>
  <system-out/>
  <testcase classname="RegistrationTest" name="signupTest" time="5.128"/>
  <system-out/>
</testsuite> <!-- RegistrationTest -->
