<?xml version="1.0" encoding="UTF-8"?>
<!-- Generated by org.testng.reporters.JUnitReportReporter -->
<testsuite hostname="DESKTOP-EAD24M8" failures="0" tests="2" name="TestCaseTest" time="20.137" errors="0" timestamp="2021-10-31T00:57:21 SAMT" skipped="0">
  <testcase classname="TestCaseTest" name="createdTestSuiteTest" time="9.246"/>
  <system-out/>
  <testcase classname="TestCaseTest" name="createdTestCaseTest" time="10.891"/>
  <system-out/>
</testsuite> <!-- TestCaseTest -->
