<?xml version="1.0" encoding="UTF-8"?>
<!-- Generated by org.testng.reporters.JUnitReportReporter -->
<testsuite hostname="DESKTOP-EAD24M8" failures="0" tests="2" name="RegistrationTest" time="10.094" errors="0" timestamp="2021-10-31T19:50:52 SAMT" skipped="0">
  <testcase classname="RegistrationTest" name="loginTest" time="4.985"/>
  <system-out/>
  <testcase classname="RegistrationTest" name="signupTest" time="5.109"/>
  <system-out/>
</testsuite> <!-- RegistrationTest -->
