<?xml version="1.0" encoding="UTF-8"?>
<!-- Generated by org.testng.reporters.JUnitReportReporter -->
<testsuite hostname="DESKTOP-EAD24M8" failures="0" tests="2" name="TestCaseTest" time="19.849" errors="0" timestamp="2021-10-31T19:50:52 SAMT" skipped="0">
  <testcase classname="TestCaseTest" name="createdTestCaseTest" time="10.770"/>
  <system-out/>
  <testcase classname="TestCaseTest" name="createdTestSuiteTest" time="9.079"/>
  <system-out/>
</testsuite> <!-- TestCaseTest -->
